<?xml version="1.0" encoding="UTF-8"?>
<!-- Generated by org.testng.reporters.JUnitReportReporter -->
<testsuite hostname="DESKTOP-IPCLUFG" failures="0" tests="10" name="com.mindtree.runner.BDDTestRunner" time="366.587" errors="0" timestamp="2022-01-17T11:11:01 IST" skipped="0">
  <testcase classname="com.mindtree.runner.BDDTestRunner" name="runScenario" time="26.809"/>
  <testcase classname="com.mindtree.runner.BDDTestRunner" name="runScenario" time="26.519"/>
  <testcase classname="com.mindtree.runner.BDDTestRunner" name="runScenario" time="43.220"/>
  <testcase classname="com.mindtree.runner.BDDTestRunner" name="runScenario" time="46.667"/>
  <testcase classname="com.mindtree.runner.BDDTestRunner" name="runScenario" time="16.287"/>
  <testcase classname="com.mindtree.runner.BDDTestRunner" name="runScenario" time="39.191"/>
  <testcase classname="com.mindtree.runner.BDDTestRunner" name="runScenario" time="63.362"/>
  <testcase classname="com.mindtree.runner.BDDTestRunner" name="runScenario" time="22.493"/>
  <testcase classname="com.mindtree.runner.BDDTestRunner" name="runScenario" time="27.920"/>
  <testcase classname="com.mindtree.runner.BDDTestRunner" name="runScenario" time="54.119"/>
</testsuite> <!-- com.mindtree.runner.BDDTestRunner -->
